<?xml version="1.0" encoding="utf-8"?><testsuites name="pytest tests"><testsuite name="pytest" errors="0" failures="0" skipped="0" tests="9" time="7.861" timestamp="2026-05-14T09:36:48.954180+00:00" hostname="agent-env-1722e51b-d601-4646-bd4e-ff44f45f6aa3"><testcase classname="backend.tests.test_api.TestArabicBooksAPI" name="test_arabic_books_list_returns_data" time="0.555" /><testcase classname="backend.tests.test_api.TestArabicBooksAPI" name="test_arabic_books_have_required_fields" time="0.470" /><testcase classname="backend.tests.test_api.TestArabicBooksAPI" name="test_arabic_book_detail" time="0.760" /><testcase classname="backend.tests.test_api.TestArabicBooksAPI" name="test_arabic_books_pagination" time="1.234" /><testcase classname="backend.tests.test_api.TestEnglishBooksAPI" name="test_english_books_list" time="0.179" /><testcase classname="backend.tests.test_api.TestEnglishBooksAPI" name="test_english_book_detail" time="0.186" /><testcase classname="backend.tests.test_api.TestEnglishBooksAPI" name="test_english_books_search" time="0.141" /><testcase classname="backend.tests.test_api.TestSearchAPI" name="test_search_suggest_endpoint" time="4.050" /><testcase classname="backend.tests.test_api.TestHealthAPI" name="test_health_endpoint" time="0.216" /></testsuite></testsuites>